2024-12-12 03:09:07,158 - DEBUG: Starting new HTTPS connection (1): www.bluefinmobileshop.com:443
2024-12-12 03:09:09,062 - DEBUG: https://www.bluefinmobileshop.com:443 "POST /login/ HTTP/11" 302 None
2024-12-12 03:09:15,452 - DEBUG: https://www.bluefinmobileshop.com:443 "GET / HTTP/11" 200 None
2024-12-12 03:09:15,455 - INFO: Login successful
2024-12-12 03:09:15,698 - DEBUG: https://www.bluefinmobileshop.com:443 "GET /pricelist-download/CSV/ HTTP/11" 200 5871
2024-12-12 03:09:15,700 - INFO: CSV downloaded successfully to ./pricelist.csv
2024-12-12 03:09:15,719 - INFO: Parsed 203 products from CSV
2024-12-12 03:09:15,719 - DEBUG: Fetching products - Page 1
2024-12-12 03:09:15,721 - DEBUG: Starting new HTTPS connection (1): lightgreen-grouse-876378.hostingersite.com:443
2024-12-12 03:09:17,048 - DEBUG: https://lightgreen-grouse-876378.hostingersite.com:443 "GET /wp-json/wc/v3/wp-json/wc/v3/products?per_page=100&page=1&status=publish HTTP/11" 404 None
2024-12-12 03:09:17,049 - DEBUG: API Response Status Code: 404
2024-12-12 03:09:17,049 - ERROR: API Error: 404
2024-12-12 03:09:17,049 - ERROR: Response Content: {"code":"rest_no_route","message":"Aucune route correspondante \u00e0 l\u2019URL et \u00e0 la m\u00e9thode de requ\u00eate n\u2019a \u00e9t\u00e9 trouv\u00e9e.","data":{"status":404}}
2024-12-12 03:09:17,049 - INFO: Found 0 existing products with SKUs
2024-12-12 03:09:17,050 - DEBUG: Sample SKUs:
2024-12-12 03:09:17,050 - INFO: Starting stock update for 203 products
2024-12-12 03:09:17,050 - DEBUG: New product SKU: 1028-130389-21109
2024-12-12 03:09:17,051 - DEBUG: New product SKU: 1028-130393-21110
2024-12-12 03:09:17,051 - DEBUG: New product SKU: 1028-130393-20719
2024-12-12 03:09:17,051 - DEBUG: New product SKU: 1028-130391-21112
2024-12-12 03:09:17,051 - DEBUG: New product SKU: 1028-130397-20510
2024-12-12 03:09:17,052 - DEBUG: New product SKU: 1028-131510-21200
2024-12-12 03:09:17,052 - DEBUG: New product SKU: 1015-131640
2024-12-12 03:09:17,052 - DEBUG: New product SKU: 1015-131641
2024-12-12 03:09:17,052 - DEBUG: New product SKU: 1015-131631
2024-12-12 03:09:17,052 - DEBUG: New product SKU: 1015-131639
2024-12-12 03:09:17,053 - DEBUG: New product SKU: 1009-130765-20747
2024-12-12 03:09:17,053 - DEBUG: New product SKU: 1009-130704-20975
2024-12-12 03:09:17,053 - DEBUG: New product SKU: 1009-130706-21007
2024-12-12 03:09:17,053 - DEBUG: New product SKU: 1009-130767-20914
2024-12-12 03:09:17,053 - DEBUG: New product SKU: 1009-130788
2024-12-12 03:09:17,054 - DEBUG: New product SKU: 1009-131194
2024-12-12 03:09:17,054 - DEBUG: New product SKU: 1009-130787
2024-12-12 03:09:17,054 - DEBUG: New product SKU: 1009-131282
2024-12-12 03:09:17,054 - DEBUG: New product SKU: 1009-130896
2024-12-12 03:09:17,055 - DEBUG: New product SKU: 1009-130786
2024-12-12 03:09:17,055 - DEBUG: New product SKU: 1009-131588-21242
2024-12-12 03:09:17,055 - DEBUG: New product SKU: 1009-131589-21243
2024-12-12 03:09:17,055 - DEBUG: New product SKU: 1009-131691-21244
2024-12-12 03:09:17,055 - DEBUG: New product SKU: 1009-131585-21189
2024-12-12 03:09:17,055 - DEBUG: New product SKU: 1009-131692-21245
2024-12-12 03:09:17,055 - DEBUG: New product SKU: 1009-131632
2024-12-12 03:09:17,056 - DEBUG: New product SKU: 1009-131694-21237
2024-12-12 03:09:17,056 - DEBUG: New product SKU: 1009-131695-21238
2024-12-12 03:09:17,056 - DEBUG: New product SKU: 1009-131566
2024-12-12 03:09:17,056 - DEBUG: New product SKU: 1009-131565
2024-12-12 03:09:17,056 - DEBUG: New product SKU: 1009-131564
2024-12-12 03:09:17,056 - DEBUG: New product SKU: 1009-131642
2024-12-12 03:09:17,057 - DEBUG: New product SKU: 1009-131693-21239
2024-12-12 03:09:17,057 - DEBUG: New product SKU: 1009-130717-20694
2024-12-12 03:09:17,057 - DEBUG: New product SKU: 1009-131157-21105
2024-12-12 03:09:17,057 - DEBUG: New product SKU: 1009-130775
2024-12-12 03:09:17,057 - DEBUG: New product SKU: 1009-131158-21104
2024-12-12 03:09:17,057 - DEBUG: New product SKU: 1009-130716
2024-12-12 03:09:17,057 - DEBUG: New product SKU: 1009-131028
2024-12-12 03:09:17,058 - DEBUG: New product SKU: 1009-131036
2024-12-12 03:09:17,058 - DEBUG: New product SKU: 1009-131024
2024-12-12 03:09:17,059 - DEBUG: New product SKU: 1009-131025
2024-12-12 03:09:17,059 - DEBUG: New product SKU: 1009-131026
2024-12-12 03:09:17,059 - DEBUG: New product SKU: 1009-131004
2024-12-12 03:09:17,059 - DEBUG: New product SKU: 1009-131593-21241
2024-12-12 03:09:17,060 - DEBUG: New product SKU: 1009-130871
2024-12-12 03:09:17,060 - DEBUG: New product SKU: 1009-130867
2024-12-12 03:09:17,060 - DEBUG: New product SKU: 1009-130873
2024-12-12 03:09:17,060 - DEBUG: New product SKU: 1009-130937
2024-12-12 03:09:17,060 - DEBUG: New product SKU: 1009-130875
2024-12-12 03:09:17,060 - DEBUG: New product SKU: 1042-130246-20453
2024-12-12 03:09:17,061 - DEBUG: New product SKU: 1042-130412
2024-12-12 03:09:17,061 - DEBUG: New product SKU: 1042-130409-20525
2024-12-12 03:09:17,061 - DEBUG: New product SKU: 1042-130411-20524
2024-12-12 03:09:17,061 - DEBUG: New product SKU: 1042-130408-20528
2024-12-12 03:09:17,061 - DEBUG: New product SKU: 1042-130410-20529
2024-12-12 03:09:17,061 - DEBUG: New product SKU: 1042-130880-20783
2024-12-12 03:09:17,061 - DEBUG: New product SKU: 1042-130620-20653
2024-12-12 03:09:17,062 - DEBUG: New product SKU: 1042-131309-21051
2024-12-12 03:09:17,062 - DEBUG: New product SKU: 1042-131262-21009
2024-12-12 03:09:17,062 - DEBUG: New product SKU: 1042-131261-21012
2024-12-12 03:09:17,062 - DEBUG: New product SKU: 1042-131260-21011
2024-12-12 03:09:17,062 - DEBUG: New product SKU: 1042-131699-21250
2024-12-12 03:09:17,062 - DEBUG: New product SKU: 1042-131542-21159
2024-12-12 03:09:17,062 - DEBUG: New product SKU: 1042-131700-21251
2024-12-12 03:09:17,062 - DEBUG: New product SKU: 1042-131476-21162
2024-12-12 03:09:17,063 - DEBUG: New product SKU: 1042-131698-21256
2024-12-12 03:09:17,063 - DEBUG: New product SKU: 1042-131697-21254
2024-12-12 03:09:17,063 - DEBUG: New product SKU: 1042-130415-20526
2024-12-12 03:09:17,063 - DEBUG: New product SKU: 1042-130416-20527
2024-12-12 03:09:17,063 - DEBUG: New product SKU: 1042-130417-20521
2024-12-12 03:09:17,063 - DEBUG: New product SKU: 1042-130413-20523
2024-12-12 03:09:17,063 - DEBUG: New product SKU: 1042-130414-20522
2024-12-12 03:09:17,064 - DEBUG: New product SKU: 1042-130999-20878
2024-12-12 03:09:17,064 - DEBUG: New product SKU: 1042-131310-21053
2024-12-12 03:09:17,064 - DEBUG: New product SKU: 1042-131311-21052
2024-12-12 03:09:17,064 - DEBUG: New product SKU: 1042-131312-21054
2024-12-12 03:09:17,064 - DEBUG: New product SKU: 1042-131047-20902
2024-12-12 03:09:17,065 - DEBUG: New product SKU: 1042-131048-20901
2024-12-12 03:09:17,065 - DEBUG: New product SKU: 1042-130248-20456
2024-12-12 03:09:17,065 - DEBUG: New product SKU: 1042-130622-20654
2024-12-12 03:09:17,065 - DEBUG: New product SKU: 1042-130621-20655
2024-12-12 03:09:17,065 - DEBUG: New product SKU: 1042-129540-20147
2024-12-12 03:09:17,065 - DEBUG: New product SKU: 1042-130247
2024-12-12 03:09:17,065 - DEBUG: New product SKU: 1003-130469
2024-12-12 03:09:17,065 - DEBUG: New product SKU: 1003-131297
2024-12-12 03:09:17,065 - DEBUG: New product SKU: 1003-131672-21236
2024-12-12 03:09:17,066 - DEBUG: New product SKU: 1003-131677-21228
2024-12-12 03:09:17,066 - DEBUG: New product SKU: 1003-131664-21219
2024-12-12 03:09:17,066 - DEBUG: New product SKU: 1003-131665-21222
2024-12-12 03:09:17,066 - DEBUG: New product SKU: 1003-131666-21221
2024-12-12 03:09:17,066 - DEBUG: New product SKU: 1003-131667-21220
2024-12-12 03:09:17,066 - DEBUG: New product SKU: 1003-131382
2024-12-12 03:09:17,066 - DEBUG: New product SKU: 1003-131623-21205
2024-12-12 03:09:17,066 - DEBUG: New product SKU: 1003-131628
2024-12-12 03:09:17,066 - DEBUG: New product SKU: 1003-131269-21204
2024-12-12 03:09:17,067 - DEBUG: New product SKU: 1003-131270-21181
2024-12-12 03:09:17,067 - DEBUG: New product SKU: 1003-131271-21038
2024-12-12 03:09:17,067 - DEBUG: New product SKU: 1003-131308-21039
2024-12-12 03:09:17,067 - DEBUG: New product SKU: 1003-131668
2024-12-12 03:09:17,067 - DEBUG: New product SKU: 1003-131629
2024-12-12 03:09:17,067 - DEBUG: New product SKU: 1003-131669
2024-12-12 03:09:17,068 - DEBUG: New product SKU: 1003-131670-21218
2024-12-12 03:09:17,068 - DEBUG: New product SKU: 1003-131622
2024-12-12 03:09:17,069 - DEBUG: New product SKU: 1003-131155-20935
2024-12-12 03:09:17,069 - DEBUG: New product SKU: 1003-131335-21058
2024-12-12 03:09:17,069 - DEBUG: New product SKU: 1003-131352-21065
2024-12-12 03:09:17,069 - DEBUG: New product SKU: 1003-131276-21014
2024-12-12 03:09:17,070 - DEBUG: New product SKU: 1003-130822-20750
2024-12-12 03:09:17,070 - DEBUG: New product SKU: 1003-131303-21041
2024-12-12 03:09:17,070 - DEBUG: New product SKU: 1003-131569-21172
2024-12-12 03:09:17,070 - DEBUG: New product SKU: 1003-131426-21171
2024-12-12 03:09:17,070 - DEBUG: New product SKU: 1003-131570-21173
2024-12-12 03:09:17,070 - DEBUG: New product SKU: 1003-131178
2024-12-12 03:09:17,071 - DEBUG: New product SKU: 1003-130985
2024-12-12 03:09:17,071 - DEBUG: New product SKU: 1003-131349-21224
2024-12-12 03:09:17,071 - DEBUG: New product SKU: 1003-130837-20809
2024-12-12 03:09:17,071 - DEBUG: New product SKU: 1003-130839-20803
2024-12-12 03:09:17,071 - DEBUG: New product SKU: 1003-131576-21179
2024-12-12 03:09:17,071 - DEBUG: New product SKU: 1003-130913-20827
2024-12-12 03:09:17,072 - DEBUG: New product SKU: 1003-130836-20806
2024-12-12 03:09:17,072 - DEBUG: New product SKU: 1003-130846-20811
2024-12-12 03:09:17,072 - DEBUG: New product SKU: 1003-131236-20999
2024-12-12 03:09:17,072 - DEBUG: New product SKU: 1003-130844-20810
2024-12-12 03:09:17,072 - DEBUG: New product SKU: 1003-131128
2024-12-12 03:09:17,072 - DEBUG: New product SKU: 1003-130806-21180
2024-12-12 03:09:17,072 - DEBUG: New product SKU: 1003-131325
2024-12-12 03:09:17,072 - DEBUG: New product SKU: 47001-131656-21247
2024-12-12 03:09:17,073 - DEBUG: New product SKU: 48001-129254
2024-12-12 03:09:17,073 - DEBUG: New product SKU: 47001-131654-21246
2024-12-12 03:09:17,073 - DEBUG: New product SKU: 50009-131545-21155
2024-12-12 03:09:17,073 - DEBUG: New product SKU: 10002-131110-20953
2024-12-12 03:09:17,073 - DEBUG: New product SKU: 30001-131550
2024-12-12 03:09:17,073 - DEBUG: New product SKU: 30001-131553-21164
2024-12-12 03:09:17,073 - DEBUG: New product SKU: 30001-131552
2024-12-12 03:09:17,074 - DEBUG: New product SKU: 30001-131553
2024-12-12 03:09:17,074 - DEBUG: New product SKU: 30001-131551
2024-12-12 03:09:17,074 - DEBUG: New product SKU: 30003-131140
2024-12-12 03:09:17,074 - DEBUG: New product SKU: 30003-131384
2024-12-12 03:09:17,074 - DEBUG: New product SKU: 30003-131684
2024-12-12 03:09:17,074 - DEBUG: New product SKU: 43003-128798
2024-12-12 03:09:17,075 - DEBUG: New product SKU: 43003-131627
2024-12-12 03:09:17,075 - DEBUG: New product SKU: 43003-130526
2024-12-12 03:09:17,075 - DEBUG: New product SKU: 43003-131373
2024-12-12 03:09:17,075 - DEBUG: New product SKU: 73002-126768
2024-12-12 03:09:17,075 - DEBUG: New product SKU: 2001-131136
2024-12-12 03:09:17,075 - DEBUG: New product SKU: 8001-131653-21211
2024-12-12 03:09:17,076 - DEBUG: New product SKU: 8001-131649-21209
2024-12-12 03:09:17,076 - DEBUG: New product SKU: 8001-131650-21210
2024-12-12 03:09:17,076 - DEBUG: New product SKU: 8001-131651-21208
2024-12-12 03:09:17,076 - DEBUG: New product SKU: 8001-131652-21207
2024-12-12 03:09:17,076 - DEBUG: New product SKU: 8004-131371
2024-12-12 03:09:17,076 - DEBUG: New product SKU: 8004-131408
2024-12-12 03:09:17,076 - DEBUG: New product SKU: 8004-131602
2024-12-12 03:09:17,076 - DEBUG: New product SKU: 8004-131372
2024-12-12 03:09:17,076 - DEBUG: New product SKU: 8004-130316
2024-12-12 03:09:17,077 - DEBUG: New product SKU: 43003-131460
2024-12-12 03:09:17,077 - DEBUG: New product SKU: 8004-131399
2024-12-12 03:09:17,077 - DEBUG: New product SKU: 8004-131466
2024-12-12 03:09:17,077 - DEBUG: New product SKU: 8019-131199
2024-12-12 03:09:17,077 - DEBUG: New product SKU: 8019-131205
2024-12-12 03:09:17,077 - DEBUG: New product SKU: 8019-131203
2024-12-12 03:09:17,077 - DEBUG: New product SKU: 8019-131202
2024-12-12 03:09:17,077 - DEBUG: New product SKU: 8019-131206
2024-12-12 03:09:17,077 - DEBUG: New product SKU: 8019-131207
2024-12-12 03:09:17,077 - DEBUG: New product SKU: 2002-127138
2024-12-12 03:09:17,078 - DEBUG: New product SKU: 2002-127137
2024-12-12 03:09:17,078 - DEBUG: New product SKU: 2002-131579
2024-12-12 03:09:17,078 - DEBUG: New product SKU: 2002-131683
2024-12-12 03:09:17,078 - DEBUG: New product SKU: 2002-131580
2024-12-12 03:09:17,078 - DEBUG: New product SKU: 2002-131581
2024-12-12 03:09:17,078 - DEBUG: New product SKU: 2005-130955
2024-12-12 03:09:17,078 - DEBUG: New product SKU: 2005-130956
2024-12-12 03:09:17,079 - DEBUG: New product SKU: 2005-130981
2024-12-12 03:09:17,079 - DEBUG: New product SKU: 2005-131214
2024-12-12 03:09:17,079 - DEBUG: New product SKU: 2005-130932
2024-12-12 03:09:17,079 - DEBUG: New product SKU: 2005-129108
2024-12-12 03:09:17,079 - DEBUG: New product SKU: 2005-131216
2024-12-12 03:09:17,079 - DEBUG: New product SKU: 2005-131563
2024-12-12 03:09:17,080 - DEBUG: New product SKU: 2005-131682
2024-12-12 03:09:17,080 - DEBUG: New product SKU: 2005-131556
2024-12-12 03:09:17,080 - DEBUG: New product SKU: 2005-131648
2024-12-12 03:09:17,080 - DEBUG: New product SKU: 2005-131243
2024-12-12 03:09:17,080 - DEBUG: New product SKU: 2005-130484
2024-12-12 03:09:17,080 - DEBUG: New product SKU: 2005-130485
2024-12-12 03:09:17,080 - DEBUG: New product SKU: 1042-130623-20657
2024-12-12 03:09:17,081 - DEBUG: New product SKU: 1042-130624-20656
2024-12-12 03:09:17,081 - DEBUG: New product SKU: 2022-131118-20934
2024-12-12 03:09:17,081 - DEBUG: New product SKU: 2022-131702-21252
2024-12-12 03:09:17,081 - DEBUG: New product SKU: 2022-131701-21248
2024-12-12 03:09:17,081 - DEBUG: New product SKU: 1042-130422-20530
2024-12-12 03:09:17,081 - DEBUG: New product SKU: 1042-130254-20452
2024-12-12 03:09:17,081 - DEBUG: New product SKU: 1042-131049-20903
2024-12-12 03:09:17,081 - DEBUG: New product SKU: 2022-131704-21253
2024-12-12 03:09:17,082 - DEBUG: New product SKU: 2022-131703-21255
2024-12-12 03:09:17,082 - DEBUG: New product SKU: 2022-131705-21257
2024-12-12 03:09:17,082 - DEBUG: New product SKU: 2022-131543-21160
2024-12-12 03:09:17,082 - DEBUG: New product SKU: 2022-131544-21161
2024-12-12 03:09:17,083 - DEBUG: New product SKU: 2012-131237-21223
2024-12-12 03:09:17,083 - DEBUG: New product SKU: 19003-127968
2024-12-12 03:09:17,083 - DEBUG: New product SKU: 13012-120117
2024-12-12 03:09:17,083 - DEBUG: New product SKU: 13002-131708-21249
2024-12-12 03:09:17,083 - DEBUG: New product SKU: 48012-130881-20784
2024-12-12 03:09:17,087 - INFO: Stock update complete. Updated 0 products
2024-12-12 03:09:17,087 - INFO: Found 203 new products
2024-12-12 03:09:17,091 - INFO: New products saved to ./new_products.csv
